<?xml version="1.0" encoding="UTF-8"?>
<!-- Generated by org.testng.reporters.JUnitReportReporter -->
<testsuite skipped="0" hostname="DESKTOP-77T8OHD" name="com.orangehrmlive.demo.AppTest" tests="1" failures="0" timestamp="16 Dec 2021 00:36:06 GMT" time="0.011" errors="0">
  <testcase name="shouldAnswerWithTrue" time="0.011" classname="com.orangehrmlive.demo.AppTest"/>
</testsuite> <!-- com.orangehrmlive.demo.AppTest -->
